<?xml version="1.0" encoding="UTF-8"?>
<!-- Generated by org.testng.reporters.JUnitReportReporter -->
<testsuite hostname="D123" failures="0" tests="1" name="test.WhatsAppLogin" time="33.557" errors="0" timestamp="2025-05-19T11:17:56 IST" skipped="0">
  <testcase classname="test.WhatsAppLogin" name="loginToWhatsApp" time="33.557"/>
  <system-out/>
</testsuite> <!-- test.WhatsAppLogin -->
