<?xml version="1.0" encoding="UTF-8"?>
<!-- Generated by org.testng.reporters.JUnitReportReporter -->
<testsuite hostname="D123" failures="0" tests="1" name="test.ReceivedMessages" time="22.784" errors="0" timestamp="2025-05-19T13:10:01 IST" skipped="0">
  <testcase classname="test.ReceivedMessages" name="loginToWhatsApp" time="22.784"/>
  <system-out/>
</testsuite> <!-- test.ReceivedMessages -->
